<?xml version="1.0" encoding="UTF-8"?>
<testng-results skipped="0" failed="0" ignored="0" total="1" passed="1">
  <reporter-output>
    <line>
      <![CDATA[Home Page is Displayed]]>
    </line>
  </reporter-output>
  <suite name="Default suite" duration-ms="34753" started-at="2023-06-26T08:43:30 IST" finished-at="2023-06-26T08:44:05 IST">
    <groups>
    </groups>
    <test name="Default test" duration-ms="34753" started-at="2023-06-26T08:43:30 IST" finished-at="2023-06-26T08:44:05 IST">
      <class name="script.ValidLogin">
        <test-method status="PASS" signature="preCondition(java.lang.String,java.lang.String,java.lang.String,java.lang.String)[pri:0, instance:script.ValidLogin@46daef40]" name="preCondition" is-config="true" duration-ms="22419" started-at="2023-06-26T08:43:30 IST" finished-at="2023-06-26T08:43:52 IST">
          <params>
            <param index="0">
              <value>
                <![CDATA[https://demo.actitime.com/login.do]]>
              </value>
            </param>
            <param index="1">
              <value>
                <![CDATA[edge]]>
              </value>
            </param>
            <param index="2">
              <value>
                <![CDATA[6]]>
              </value>
            </param>
            <param index="3">
              <value>
                <![CDATA[7]]>
              </value>
            </param>
          </params>
          <reporter-output>
          </reporter-output>
        </test-method> <!-- preCondition -->
        <test-method status="PASS" signature="testValidLogin()[pri:1, instance:script.ValidLogin@46daef40]" name="testValidLogin" duration-ms="10728" started-at="2023-06-26T08:43:52 IST" finished-at="2023-06-26T08:44:03 IST">
          <reporter-output>
            <line>
              <![CDATA[Home Page is Displayed]]>
            </line>
          </reporter-output>
        </test-method> <!-- testValidLogin -->
        <test-method status="PASS" signature="postCondition()[pri:0, instance:script.ValidLogin@46daef40]" name="postCondition" is-config="true" duration-ms="1533" started-at="2023-06-26T08:44:03 IST" finished-at="2023-06-26T08:44:05 IST">
          <reporter-output>
          </reporter-output>
        </test-method> <!-- postCondition -->
      </class> <!-- script.ValidLogin -->
    </test> <!-- Default test -->
  </suite> <!-- Default suite -->
</testng-results>
