<?xml version="1.0" encoding="UTF-8"?>
<testng-results skipped="0" failed="0" ignored="0" total="1" passed="1">
  <reporter-output>
    <line>
      <![CDATA[bhanu]]>
    </line>
    <line>
      <![CDATA[test1...]]>
    </line>
  </reporter-output>
  <suite name="Default suite" duration-ms="15070" started-at="2023-06-23T08:37:05 IST" finished-at="2023-06-23T08:37:20 IST">
    <groups>
    </groups>
    <test name="Default test" duration-ms="15070" started-at="2023-06-23T08:37:05 IST" finished-at="2023-06-23T08:37:20 IST">
      <class name="script.Test1">
        <test-method status="PASS" signature="preCondition(java.lang.String,java.lang.String,java.lang.String,java.lang.String)[pri:0, instance:script.Test1@46daef40]" name="preCondition" is-config="true" duration-ms="11627" started-at="2023-06-23T08:37:05 IST" finished-at="2023-06-23T08:37:16 IST">
          <params>
            <param index="0">
              <value>
                <![CDATA[http://www.fb.com]]>
              </value>
            </param>
            <param index="1">
              <value>
                <![CDATA[edge]]>
              </value>
            </param>
            <param index="2">
              <value>
                <![CDATA[6]]>
              </value>
            </param>
            <param index="3">
              <value>
                <![CDATA[7]]>
              </value>
            </param>
          </params>
          <reporter-output>
          </reporter-output>
        </test-method> <!-- preCondition -->
        <test-method status="PASS" signature="test1()[pri:0, instance:script.Test1@46daef40]" name="test1" duration-ms="1568" started-at="2023-06-23T08:37:16 IST" finished-at="2023-06-23T08:37:18 IST">
          <reporter-output>
            <line>
              <![CDATA[bhanu]]>
            </line>
            <line>
              <![CDATA[test1...]]>
            </line>
          </reporter-output>
        </test-method> <!-- test1 -->
        <test-method status="PASS" signature="postCondition()[pri:0, instance:script.Test1@46daef40]" name="postCondition" is-config="true" duration-ms="1627" started-at="2023-06-23T08:37:18 IST" finished-at="2023-06-23T08:37:20 IST">
          <reporter-output>
          </reporter-output>
        </test-method> <!-- postCondition -->
      </class> <!-- script.Test1 -->
    </test> <!-- Default test -->
  </suite> <!-- Default suite -->
</testng-results>
